<?xml version="1.0" encoding="UTF-8"?>
<!-- Generated by org.testng.reporters.JUnitXMLReporter -->
<testsuite ignored="1" hostname="DESKTOP-5DC8VDN" failures="0" tests="1" name="Default test" time="18.798" errors="0" timestamp="2023-07-14T03:40:25 IST">
  <testcase classname="com.ecom.qa.standalone.ErrorValidationTest" name="productError" time="12.56"/>
  <testcase classname="com.ecom.qa.standalone.ErrorValidationTest" name="errorValidationTest" time="0.0">
    <ignored/>
  </testcase> <!-- errorValidationTest -->
</testsuite> <!-- Default test -->
