<?xml version="1.0" encoding="UTF-8"?>
<!-- Generated by org.testng.reporters.JUnitXMLReporter -->
<testsuite ignored="0" hostname="DESKTOP-5DC8VDN" failures="0" tests="2" name="Error Validation Test" time="31.272" errors="0" timestamp="2023-07-18T16:58:35 IST">
  <testcase classname="com.ecom.qa.standalone.ErrorValidationTest" name="errorValidationTest" time="1.865"/>
  <testcase classname="com.ecom.qa.standalone.ErrorValidationTest" name="productError" time="13.266"/>
</testsuite> <!-- Error Validation Test -->
