<?xml version="1.0" encoding="UTF-8"?>
<!-- Generated by org.testng.reporters.JUnitXMLReporter -->
<testsuite ignored="0" hostname="DESKTOP-5DC8VDN" failures="0" tests="3" name="Submit Order Test" time="38.085" errors="0" timestamp="2023-07-18T16:58:42 IST">
  <testcase classname="com.ecom.qa.standalone.SubmitOrderTest" name="submitTest" time="10.981"/>
  <testcase classname="com.ecom.qa.standalone.SubmitOrderTest" name="submitTest" time="6.629"/>
  <testcase classname="com.ecom.qa.standalone.SubmitOrderTest" name="OrderProductTest" time="1.235"/>
</testsuite> <!-- Submit Order Test -->
